{"/Users/justintorrance/turing/thisMod/workout-service-ui/src/containers/ExerciseScreen.js": {"path":"/Users/justintorrance/turing/thisMod/workout-service-ui/src/containers/ExerciseScreen.js","statementMap":{"0":{"start":{"line":10,"column":4},"end":{"line":10,"column":11}},"1":{"start":{"line":13,"column":22},"end":{"line":15,"column":3}},"2":{"start":{"line":14,"column":4},"end":{"line":14,"column":40}},"3":{"start":{"line":17,"column":16},"end":{"line":20,"column":3}},"4":{"start":{"line":24,"column":4},"end":{"line":44,"column":5}},"5":{"start":{"line":33,"column":10},"end":{"line":40,"column":17}},"6":{"start":{"line":48,"column":31},"end":{"line":50,"column":2}},"7":{"start":{"line":48,"column":43},"end":{"line":50,"column":1}},"8":{"start":{"line":52,"column":34},"end":{"line":54,"column":2}},"9":{"start":{"line":52,"column":49},"end":{"line":54,"column":1}},"10":{"start":{"line":53,"column":27},"end":{"line":53,"column":53}},"11":{"start":{"line":58,"column":15},"end":{"line":101,"column":2}}},"fnMap":{"0":{"name":"(anonymous_0)","decl":{"start":{"line":9,"column":2},"end":{"line":9,"column":3}},"loc":{"start":{"line":9,"column":16},"end":{"line":11,"column":3}},"line":9},"1":{"name":"(anonymous_1)","decl":{"start":{"line":13,"column":22},"end":{"line":13,"column":23}},"loc":{"start":{"line":13,"column":34},"end":{"line":15,"column":3}},"line":13},"2":{"name":"(anonymous_2)","decl":{"start":{"line":17,"column":16},"end":{"line":17,"column":17}},"loc":{"start":{"line":17,"column":22},"end":{"line":20,"column":3}},"line":17},"3":{"name":"(anonymous_3)","decl":{"start":{"line":22,"column":2},"end":{"line":22,"column":3}},"loc":{"start":{"line":22,"column":11},"end":{"line":45,"column":3}},"line":22},"4":{"name":"(anonymous_4)","decl":{"start":{"line":32,"column":22},"end":{"line":32,"column":23}},"loc":{"start":{"line":33,"column":10},"end":{"line":40,"column":17}},"line":33},"5":{"name":"(anonymous_5)","decl":{"start":{"line":48,"column":31},"end":{"line":48,"column":32}},"loc":{"start":{"line":48,"column":43},"end":{"line":50,"column":1}},"line":48},"6":{"name":"(anonymous_6)","decl":{"start":{"line":52,"column":34},"end":{"line":52,"column":35}},"loc":{"start":{"line":52,"column":49},"end":{"line":54,"column":1}},"line":52},"7":{"name":"(anonymous_7)","decl":{"start":{"line":53,"column":21},"end":{"line":53,"column":22}},"loc":{"start":{"line":53,"column":27},"end":{"line":53,"column":53}},"line":53}},"branchMap":{},"s":{"0":1,"1":1,"2":1,"3":1,"4":1,"5":0,"6":2,"7":0,"8":2,"9":0,"10":0,"11":2},"f":{"0":1,"1":1,"2":0,"3":1,"4":0,"5":0,"6":0,"7":0},"b":{},"_coverageSchema":"43e27e138ebf9cfc5966b082cf9a028302ed4184","hash":"43fa03a3f24a1e16de6d4f2c1bc04eeef7f62665"}
,"/Users/justintorrance/turing/thisMod/workout-service-ui/src/containers/HomeScreen.js": {"path":"/Users/justintorrance/turing/thisMod/workout-service-ui/src/containers/HomeScreen.js","statementMap":{"0":{"start":{"line":9,"column":33},"end":{"line":9,"column":43}},"1":{"start":{"line":10,"column":4},"end":{"line":10,"column":29}},"2":{"start":{"line":13,"column":25},"end":{"line":16,"column":3}},"3":{"start":{"line":14,"column":25},"end":{"line":14,"column":46}},"4":{"start":{"line":15,"column":4},"end":{"line":15,"column":23}},"5":{"start":{"line":18,"column":26},"end":{"line":21,"column":3}},"6":{"start":{"line":19,"column":25},"end":{"line":19,"column":46}},"7":{"start":{"line":20,"column":4},"end":{"line":20,"column":30}},"8":{"start":{"line":24,"column":25},"end":{"line":24,"column":35}},"9":{"start":{"line":25,"column":25},"end":{"line":25,"column":46}},"10":{"start":{"line":26,"column":4},"end":{"line":26,"column":25}},"11":{"start":{"line":27,"column":4},"end":{"line":64,"column":6}},"12":{"start":{"line":48,"column":12},"end":{"line":60,"column":31}},"13":{"start":{"line":52,"column":16},"end":{"line":52,"column":56}},"14":{"start":{"line":68,"column":15},"end":{"line":116,"column":2}},"15":{"start":{"line":118,"column":31},"end":{"line":120,"column":2}},"16":{"start":{"line":118,"column":41},"end":{"line":120,"column":1}},"17":{"start":{"line":122,"column":34},"end":{"line":124,"column":2}},"18":{"start":{"line":122,"column":47},"end":{"line":124,"column":1}},"19":{"start":{"line":123,"column":28},"end":{"line":123,"column":60}}},"fnMap":{"0":{"name":"(anonymous_0)","decl":{"start":{"line":8,"column":2},"end":{"line":8,"column":3}},"loc":{"start":{"line":8,"column":28},"end":{"line":11,"column":3}},"line":8},"1":{"name":"(anonymous_1)","decl":{"start":{"line":13,"column":25},"end":{"line":13,"column":26}},"loc":{"start":{"line":13,"column":31},"end":{"line":16,"column":3}},"line":13},"2":{"name":"(anonymous_2)","decl":{"start":{"line":18,"column":26},"end":{"line":18,"column":27}},"loc":{"start":{"line":18,"column":32},"end":{"line":21,"column":3}},"line":18},"3":{"name":"(anonymous_3)","decl":{"start":{"line":23,"column":2},"end":{"line":23,"column":3}},"loc":{"start":{"line":23,"column":11},"end":{"line":65,"column":3}},"line":23},"4":{"name":"(anonymous_4)","decl":{"start":{"line":47,"column":22},"end":{"line":47,"column":23}},"loc":{"start":{"line":48,"column":12},"end":{"line":60,"column":31}},"line":48},"5":{"name":"(anonymous_5)","decl":{"start":{"line":51,"column":23},"end":{"line":51,"column":24}},"loc":{"start":{"line":51,"column":29},"end":{"line":53,"column":15}},"line":51},"6":{"name":"(anonymous_6)","decl":{"start":{"line":118,"column":31},"end":{"line":118,"column":32}},"loc":{"start":{"line":118,"column":41},"end":{"line":120,"column":1}},"line":118},"7":{"name":"(anonymous_7)","decl":{"start":{"line":122,"column":34},"end":{"line":122,"column":35}},"loc":{"start":{"line":122,"column":47},"end":{"line":124,"column":1}},"line":122},"8":{"name":"(anonymous_8)","decl":{"start":{"line":123,"column":20},"end":{"line":123,"column":21}},"loc":{"start":{"line":123,"column":28},"end":{"line":123,"column":60}},"line":123}},"branchMap":{},"s":{"0":1,"1":1,"2":1,"3":0,"4":0,"5":1,"6":0,"7":0,"8":1,"9":1,"10":1,"11":1,"12":0,"13":0,"14":2,"15":2,"16":0,"17":2,"18":0,"19":0},"f":{"0":1,"1":0,"2":0,"3":1,"4":0,"5":0,"6":0,"7":0,"8":0},"b":{},"_coverageSchema":"43e27e138ebf9cfc5966b082cf9a028302ed4184","hash":"0ebcfd45fb2156f75930764c2aeee45f06876131"}
,"/Users/justintorrance/turing/thisMod/workout-service-ui/src/containers/SearchScreen.js": {"path":"/Users/justintorrance/turing/thisMod/workout-service-ui/src/containers/SearchScreen.js","statementMap":{"0":{"start":{"line":9,"column":4},"end":{"line":9,"column":12}},"1":{"start":{"line":10,"column":4},"end":{"line":12,"column":6}},"2":{"start":{"line":16,"column":33},"end":{"line":16,"column":43}},"3":{"start":{"line":17,"column":4},"end":{"line":17,"column":29}},"4":{"start":{"line":20,"column":17},"end":{"line":22,"column":3}},"5":{"start":{"line":21,"column":4},"end":{"line":21,"column":42}},"6":{"start":{"line":24,"column":19},"end":{"line":28,"column":3}},"7":{"start":{"line":25,"column":25},"end":{"line":25,"column":35}},"8":{"start":{"line":26,"column":27},"end":{"line":26,"column":75}},"9":{"start":{"line":26,"column":54},"end":{"line":26,"column":74}},"10":{"start":{"line":27,"column":4},"end":{"line":27,"column":26}},"11":{"start":{"line":31,"column":28},"end":{"line":31,"column":38}},"12":{"start":{"line":32,"column":25},"end":{"line":32,"column":35}},"13":{"start":{"line":33,"column":21},"end":{"line":35,"column":6}},"14":{"start":{"line":34,"column":6},"end":{"line":34,"column":39}},"15":{"start":{"line":37,"column":4},"end":{"line":78,"column":6}},"16":{"start":{"line":44,"column":43},"end":{"line":44,"column":73}},"17":{"start":{"line":62,"column":12},"end":{"line":74,"column":31}},"18":{"start":{"line":66,"column":16},"end":{"line":66,"column":59}},"19":{"start":{"line":82,"column":31},"end":{"line":84,"column":2}},"20":{"start":{"line":82,"column":41},"end":{"line":84,"column":1}},"21":{"start":{"line":86,"column":34},"end":{"line":88,"column":2}},"22":{"start":{"line":86,"column":47},"end":{"line":88,"column":1}},"23":{"start":{"line":87,"column":28},"end":{"line":87,"column":60}},"24":{"start":{"line":92,"column":15},"end":{"line":159,"column":2}}},"fnMap":{"0":{"name":"(anonymous_0)","decl":{"start":{"line":8,"column":2},"end":{"line":8,"column":3}},"loc":{"start":{"line":8,"column":16},"end":{"line":13,"column":3}},"line":8},"1":{"name":"(anonymous_1)","decl":{"start":{"line":15,"column":2},"end":{"line":15,"column":3}},"loc":{"start":{"line":15,"column":28},"end":{"line":18,"column":3}},"line":15},"2":{"name":"(anonymous_2)","decl":{"start":{"line":20,"column":17},"end":{"line":20,"column":18}},"loc":{"start":{"line":20,"column":26},"end":{"line":22,"column":3}},"line":20},"3":{"name":"(anonymous_3)","decl":{"start":{"line":24,"column":19},"end":{"line":24,"column":20}},"loc":{"start":{"line":24,"column":28},"end":{"line":28,"column":3}},"line":24},"4":{"name":"(anonymous_4)","decl":{"start":{"line":26,"column":43},"end":{"line":26,"column":44}},"loc":{"start":{"line":26,"column":54},"end":{"line":26,"column":74}},"line":26},"5":{"name":"(anonymous_5)","decl":{"start":{"line":30,"column":2},"end":{"line":30,"column":3}},"loc":{"start":{"line":30,"column":11},"end":{"line":79,"column":3}},"line":30},"6":{"name":"(anonymous_6)","decl":{"start":{"line":33,"column":35},"end":{"line":33,"column":36}},"loc":{"start":{"line":33,"column":45},"end":{"line":35,"column":5}},"line":33},"7":{"name":"(anonymous_7)","decl":{"start":{"line":44,"column":28},"end":{"line":44,"column":29}},"loc":{"start":{"line":44,"column":43},"end":{"line":44,"column":73}},"line":44},"8":{"name":"(anonymous_8)","decl":{"start":{"line":61,"column":22},"end":{"line":61,"column":23}},"loc":{"start":{"line":62,"column":12},"end":{"line":74,"column":31}},"line":62},"9":{"name":"(anonymous_9)","decl":{"start":{"line":65,"column":23},"end":{"line":65,"column":24}},"loc":{"start":{"line":65,"column":29},"end":{"line":67,"column":15}},"line":65},"10":{"name":"(anonymous_10)","decl":{"start":{"line":82,"column":31},"end":{"line":82,"column":32}},"loc":{"start":{"line":82,"column":41},"end":{"line":84,"column":1}},"line":82},"11":{"name":"(anonymous_11)","decl":{"start":{"line":86,"column":34},"end":{"line":86,"column":35}},"loc":{"start":{"line":86,"column":47},"end":{"line":88,"column":1}},"line":86},"12":{"name":"(anonymous_12)","decl":{"start":{"line":87,"column":20},"end":{"line":87,"column":21}},"loc":{"start":{"line":87,"column":28},"end":{"line":87,"column":60}},"line":87}},"branchMap":{},"s":{"0":1,"1":1,"2":1,"3":1,"4":1,"5":0,"6":1,"7":0,"8":0,"9":0,"10":0,"11":1,"12":1,"13":1,"14":0,"15":1,"16":0,"17":0,"18":0,"19":3,"20":0,"21":3,"22":0,"23":0,"24":3},"f":{"0":1,"1":1,"2":0,"3":0,"4":0,"5":1,"6":0,"7":0,"8":0,"9":0,"10":0,"11":0,"12":0},"b":{},"_coverageSchema":"43e27e138ebf9cfc5966b082cf9a028302ed4184","hash":"48ff94ad78606b7ad5c24c9d9fd53d1ccef6613f"}
}
