{"/Users/justintorrance/turing/thisMod/workout-service-ui/src/containers/ExerciseScreen.js": {"path":"/Users/justintorrance/turing/thisMod/workout-service-ui/src/containers/ExerciseScreen.js","statementMap":{"0":{"start":{"line":10,"column":4},"end":{"line":10,"column":11}},"1":{"start":{"line":13,"column":22},"end":{"line":15,"column":3}},"2":{"start":{"line":14,"column":4},"end":{"line":14,"column":40}},"3":{"start":{"line":17,"column":16},"end":{"line":20,"column":3}},"4":{"start":{"line":24,"column":4},"end":{"line":44,"column":5}},"5":{"start":{"line":33,"column":10},"end":{"line":40,"column":17}},"6":{"start":{"line":48,"column":31},"end":{"line":50,"column":2}},"7":{"start":{"line":48,"column":43},"end":{"line":50,"column":1}},"8":{"start":{"line":52,"column":34},"end":{"line":54,"column":2}},"9":{"start":{"line":52,"column":49},"end":{"line":54,"column":1}},"10":{"start":{"line":53,"column":27},"end":{"line":53,"column":53}},"11":{"start":{"line":58,"column":15},"end":{"line":101,"column":2}}},"fnMap":{"0":{"name":"(anonymous_0)","decl":{"start":{"line":9,"column":2},"end":{"line":9,"column":3}},"loc":{"start":{"line":9,"column":16},"end":{"line":11,"column":3}},"line":9},"1":{"name":"(anonymous_1)","decl":{"start":{"line":13,"column":22},"end":{"line":13,"column":23}},"loc":{"start":{"line":13,"column":34},"end":{"line":15,"column":3}},"line":13},"2":{"name":"(anonymous_2)","decl":{"start":{"line":17,"column":16},"end":{"line":17,"column":17}},"loc":{"start":{"line":17,"column":22},"end":{"line":20,"column":3}},"line":17},"3":{"name":"(anonymous_3)","decl":{"start":{"line":22,"column":2},"end":{"line":22,"column":3}},"loc":{"start":{"line":22,"column":11},"end":{"line":45,"column":3}},"line":22},"4":{"name":"(anonymous_4)","decl":{"start":{"line":32,"column":22},"end":{"line":32,"column":23}},"loc":{"start":{"line":33,"column":10},"end":{"line":40,"column":17}},"line":33},"5":{"name":"(anonymous_5)","decl":{"start":{"line":48,"column":31},"end":{"line":48,"column":32}},"loc":{"start":{"line":48,"column":43},"end":{"line":50,"column":1}},"line":48},"6":{"name":"(anonymous_6)","decl":{"start":{"line":52,"column":34},"end":{"line":52,"column":35}},"loc":{"start":{"line":52,"column":49},"end":{"line":54,"column":1}},"line":52},"7":{"name":"(anonymous_7)","decl":{"start":{"line":53,"column":21},"end":{"line":53,"column":22}},"loc":{"start":{"line":53,"column":27},"end":{"line":53,"column":53}},"line":53}},"branchMap":{},"s":{"0":1,"1":1,"2":1,"3":1,"4":1,"5":0,"6":2,"7":0,"8":2,"9":0,"10":0,"11":2},"f":{"0":1,"1":1,"2":0,"3":1,"4":0,"5":0,"6":0,"7":0},"b":{},"_coverageSchema":"43e27e138ebf9cfc5966b082cf9a028302ed4184","hash":"43fa03a3f24a1e16de6d4f2c1bc04eeef7f62665"}
}
