TN:
SF:/Users/justintorrance/turing/thisMod/workout-service-ui/src/containers/ExerciseScreen.js
FN:9,(anonymous_0)
FN:13,(anonymous_1)
FN:17,(anonymous_2)
FN:22,(anonymous_3)
FN:32,(anonymous_4)
FN:48,(anonymous_5)
FN:52,(anonymous_6)
FN:53,(anonymous_7)
FNF:8
FNH:3
FNDA:1,(anonymous_0)
FNDA:1,(anonymous_1)
FNDA:0,(anonymous_2)
FNDA:1,(anonymous_3)
FNDA:0,(anonymous_4)
FNDA:0,(anonymous_5)
FNDA:0,(anonymous_6)
FNDA:0,(anonymous_7)
DA:10,1
DA:13,1
DA:14,1
DA:17,1
DA:24,1
DA:33,0
DA:48,2
DA:52,2
DA:53,0
DA:58,2
LF:10
LH:8
BRF:0
BRH:0
end_of_record
TN:
SF:/Users/justintorrance/turing/thisMod/workout-service-ui/src/containers/HomeScreen.js
FN:8,(anonymous_0)
FN:13,(anonymous_1)
FN:18,(anonymous_2)
FN:23,(anonymous_3)
FN:47,(anonymous_4)
FN:51,(anonymous_5)
FN:118,(anonymous_6)
FN:122,(anonymous_7)
FN:123,(anonymous_8)
FNF:9
FNH:2
FNDA:1,(anonymous_0)
FNDA:0,(anonymous_1)
FNDA:0,(anonymous_2)
FNDA:1,(anonymous_3)
FNDA:0,(anonymous_4)
FNDA:0,(anonymous_5)
FNDA:0,(anonymous_6)
FNDA:0,(anonymous_7)
FNDA:0,(anonymous_8)
DA:9,1
DA:10,1
DA:13,1
DA:14,0
DA:15,0
DA:18,1
DA:19,0
DA:20,0
DA:24,1
DA:25,1
DA:26,1
DA:27,1
DA:48,0
DA:52,0
DA:68,2
DA:118,2
DA:122,2
DA:123,0
LF:18
LH:11
BRF:0
BRH:0
end_of_record
TN:
SF:/Users/justintorrance/turing/thisMod/workout-service-ui/src/containers/SearchScreen.js
FN:8,(anonymous_0)
FN:15,(anonymous_1)
FN:20,(anonymous_2)
FN:24,(anonymous_3)
FN:26,(anonymous_4)
FN:30,(anonymous_5)
FN:33,(anonymous_6)
FN:44,(anonymous_7)
FN:61,(anonymous_8)
FN:65,(anonymous_9)
FN:82,(anonymous_10)
FN:86,(anonymous_11)
FN:87,(anonymous_12)
FNF:13
FNH:3
FNDA:1,(anonymous_0)
FNDA:1,(anonymous_1)
FNDA:0,(anonymous_2)
FNDA:0,(anonymous_3)
FNDA:0,(anonymous_4)
FNDA:1,(anonymous_5)
FNDA:0,(anonymous_6)
FNDA:0,(anonymous_7)
FNDA:0,(anonymous_8)
FNDA:0,(anonymous_9)
FNDA:0,(anonymous_10)
FNDA:0,(anonymous_11)
FNDA:0,(anonymous_12)
DA:9,1
DA:10,1
DA:16,1
DA:17,1
DA:20,1
DA:21,0
DA:24,1
DA:25,0
DA:26,0
DA:27,0
DA:31,1
DA:32,1
DA:33,1
DA:34,0
DA:37,1
DA:44,0
DA:62,0
DA:66,0
DA:82,3
DA:86,3
DA:87,0
DA:92,3
LF:22
LH:13
BRF:0
BRH:0
end_of_record
