TN:
SF:/Users/justintorrance/turing/thisMod/workout-service-ui/src/containers/ExerciseScreen.js
FN:9,(anonymous_0)
FN:13,(anonymous_1)
FN:17,(anonymous_2)
FN:22,(anonymous_3)
FN:32,(anonymous_4)
FN:48,(anonymous_5)
FN:52,(anonymous_6)
FN:53,(anonymous_7)
FNF:8
FNH:3
FNDA:1,(anonymous_0)
FNDA:1,(anonymous_1)
FNDA:0,(anonymous_2)
FNDA:1,(anonymous_3)
FNDA:0,(anonymous_4)
FNDA:0,(anonymous_5)
FNDA:0,(anonymous_6)
FNDA:0,(anonymous_7)
DA:10,1
DA:13,1
DA:14,1
DA:17,1
DA:24,1
DA:33,0
DA:48,2
DA:52,2
DA:53,0
DA:58,2
LF:10
LH:8
BRF:0
BRH:0
end_of_record
